<?xml version="1.0" encoding="UTF-8"?>
<testng-results ignored="8" total="9" passed="1" failed="0" skipped="0">
  <reporter-output>
  </reporter-output>
  <suite started-at="2025-01-11T08:03:10 IST" name="Failed suite [Suite]" finished-at="2025-01-11T08:03:10 IST" duration-ms="42">
    <groups>
      <group name="Smoke">
        <method signature="TestPIMPage.editEmployeeDetails()[pri:2, instance:com.Hrms.tests.TestPIMPage@13e344d]" name="editEmployeeDetails" class="com.Hrms.tests.TestPIMPage"/>
      </group> <!-- Smoke -->
    </groups>
    <test started-at="2025-01-11T08:03:10 IST" name="Smoke Testing(failed)" finished-at="2025-01-11T08:03:10 IST" duration-ms="42">
      <class name="com.Hrms.tests.TestPIMPage">
        <test-method signature="editEmployeeDetails()[pri:2, instance:com.Hrms.tests.TestPIMPage@13e344d]" started-at="2025-01-11T08:03:10 IST" name="editEmployeeDetails" description="Verify that employee details can be edited successfully" finished-at="2025-01-11T08:03:10 IST" duration-ms="11" status="PASS">
          <reporter-output>
          </reporter-output>
        </test-method> <!-- editEmployeeDetails -->
      </class> <!-- com.Hrms.tests.TestPIMPage -->
    </test> <!-- Smoke Testing(failed) -->
  </suite> <!-- Failed suite [Suite] -->
</testng-results>
